This file contains any messages produced by compilers while
running configure, to aid debugging if configure makes a mistake.

It was created by wdns configure 0.4, which was
generated by GNU Autoconf 2.69.  Invocation command line was

  $ ./configure --prefix=/usr --disable-shared --with-pic

## --------- ##
## Platform. ##
## --------- ##

hostname = vm-buildhost
uname -m = x86_64
uname -r = 3.2.0-4-amd64
uname -s = Linux
uname -v = #1 SMP Debian 3.2.35-2

/usr/bin/uname -p = unknown
/bin/uname -X     = unknown

/bin/arch              = x86_64
/usr/bin/arch -k       = unknown
/usr/convex/getsysinfo = unknown
/usr/bin/hostinfo      = unknown
/bin/machine           = unknown
/usr/bin/oslevel       = unknown
/bin/universe          = unknown

PATH: /usr/local/sbin
PATH: /usr/local/bin
PATH: /usr/sbin
PATH: /usr/bin
PATH: /sbin
PATH: /bin


## ----------- ##
## Core tests. ##
## ----------- ##

configure:2247: checking for a BSD-compatible install
configure:2315: result: /usr/bin/install -c
configure:2326: checking whether build environment is sane
configure:2376: result: yes
configure:2517: checking for a thread-safe mkdir -p
configure:2556: result: /bin/mkdir -p
configure:2569: checking for gawk
configure:2585: found /usr/bin/gawk
configure:2596: result: gawk
configure:2607: checking whether make sets $(MAKE)
configure:2629: result: yes
configure:2658: checking whether make supports nested variables
configure:2675: result: yes
configure:2760: checking for style of include used by make
configure:2788: result: GNU
configure:2859: checking for gcc
configure:2875: found /usr/bin/gcc
configure:2886: result: gcc
configure:3115: checking for C compiler version
configure:3124: gcc --version >&5
gcc (GCC) 4.4.7 20120313 (Red Hat 4.4.7-3)
Copyright (C) 2010 Free Software Foundation, Inc.
This is free software; see the source for copying conditions.  There is NO
warranty; not even for MERCHANTABILITY or FITNESS FOR A PARTICULAR PURPOSE.

configure:3135: $? = 0
configure:3124: gcc -v >&5
Using built-in specs.
Target: x86_64-redhat-linux
Configured with: ../configure --prefix=/usr --mandir=/usr/share/man --infodir=/usr/share/info --with-bugurl=http://bugzilla.redhat.com/bugzilla --enable-bootstrap --enable-shared --enable-threads=posix --enable-checking=release --with-system-zlib --enable-__cxa_atexit --disable-libunwind-exceptions --enable-gnu-unique-object --enable-languages=c,c++,objc,obj-c++,java,fortran,ada --enable-java-awt=gtk --disable-dssi --with-java-home=/usr/lib/jvm/java-1.5.0-gcj-1.5.0.0/jre --enable-libgcj-multifile --enable-java-maintainer-mode --with-ecj-jar=/usr/share/java/eclipse-ecj.jar --disable-libjava-multilib --with-ppl --with-cloog --with-tune=generic --with-arch_32=i686 --build=x86_64-redhat-linux
Thread model: posix
gcc version 4.4.7 20120313 (Red Hat 4.4.7-3) (GCC) 
configure:3135: $? = 0
configure:3124: gcc -V >&5
gcc: '-V' option must have argument
configure:3135: $? = 1
configure:3124: gcc -qversion >&5
gcc: unrecognized option '-qversion'
gcc: no input files
configure:3135: $? = 1
configure:3155: checking whether the C compiler works
configure:3177: gcc    conftest.c  >&5
configure:3181: $? = 0
configure:3229: result: yes
configure:3232: checking for C compiler default output file name
configure:3234: result: a.out
configure:3240: checking for suffix of executables
configure:3247: gcc -o conftest    conftest.c  >&5
configure:3251: $? = 0
configure:3273: result: 
configure:3295: checking whether we are cross compiling
configure:3303: gcc -o conftest    conftest.c  >&5
configure:3307: $? = 0
configure:3314: ./conftest
configure:3318: $? = 0
configure:3333: result: no
configure:3338: checking for suffix of object files
configure:3360: gcc -c   conftest.c >&5
configure:3364: $? = 0
configure:3385: result: o
configure:3389: checking whether we are using the GNU C compiler
configure:3408: gcc -c   conftest.c >&5
configure:3408: $? = 0
configure:3417: result: yes
configure:3426: checking whether gcc accepts -g
configure:3446: gcc -c -g  conftest.c >&5
configure:3446: $? = 0
configure:3487: result: yes
configure:3504: checking for gcc option to accept ISO C89
configure:3567: gcc  -c -g -O2  conftest.c >&5
configure:3567: $? = 0
configure:3580: result: none needed
configure:3602: checking dependency style of gcc
configure:3713: result: gcc3
configure:3732: checking for gcc option to accept ISO C99
configure:3881: gcc  -c -g -O2  conftest.c >&5
conftest.c:61: error: expected ';', ',' or ')' before 'text'
conftest.c: In function 'main':
conftest.c:115: error: expected '=', ',', ';', 'asm' or '__attribute__' before 'newvar'
conftest.c:115: error: 'newvar' undeclared (first use in this function)
conftest.c:115: error: (Each undeclared identifier is reported only once
conftest.c:115: error: for each function it appears in.)
conftest.c:125: error: 'for' loop initial declarations are only allowed in C99 mode
conftest.c:125: note: use option -std=c99 or -std=gnu99 to compile your code
configure:3881: $? = 1
configure: failed program was:
| /* confdefs.h */
| #define PACKAGE_NAME "wdns"
| #define PACKAGE_TARNAME "wdns"
| #define PACKAGE_VERSION "0.4"
| #define PACKAGE_STRING "wdns 0.4"
| #define PACKAGE_BUGREPORT ""
| #define PACKAGE_URL ""
| #define PACKAGE "wdns"
| #define VERSION "0.4"
| /* end confdefs.h.  */
| #include <stdarg.h>
| #include <stdbool.h>
| #include <stdlib.h>
| #include <wchar.h>
| #include <stdio.h>
| 
| // Check varargs macros.  These examples are taken from C99 6.10.3.5.
| #define debug(...) fprintf (stderr, __VA_ARGS__)
| #define showlist(...) puts (#__VA_ARGS__)
| #define report(test,...) ((test) ? puts (#test) : printf (__VA_ARGS__))
| static void
| test_varargs_macros (void)
| {
|   int x = 1234;
|   int y = 5678;
|   debug ("Flag");
|   debug ("X = %d\n", x);
|   showlist (The first, second, and third items.);
|   report (x>y, "x is %d but y is %d", x, y);
| }
| 
| // Check long long types.
| #define BIG64 18446744073709551615ull
| #define BIG32 4294967295ul
| #define BIG_OK (BIG64 / BIG32 == 4294967297ull && BIG64 % BIG32 == 0)
| #if !BIG_OK
|   your preprocessor is broken;
| #endif
| #if BIG_OK
| #else
|   your preprocessor is broken;
| #endif
| static long long int bignum = -9223372036854775807LL;
| static unsigned long long int ubignum = BIG64;
| 
| struct incomplete_array
| {
|   int datasize;
|   double data[];
| };
| 
| struct named_init {
|   int number;
|   const wchar_t *name;
|   double average;
| };
| 
| typedef const char *ccp;
| 
| static inline int
| test_restrict (ccp restrict text)
| {
|   // See if C++-style comments work.
|   // Iterate through items via the restricted pointer.
|   // Also check for declarations in for loops.
|   for (unsigned int i = 0; *(text+i) != '\0'; ++i)
|     continue;
|   return 0;
| }
| 
| // Check varargs and va_copy.
| static void
| test_varargs (const char *format, ...)
| {
|   va_list args;
|   va_start (args, format);
|   va_list args_copy;
|   va_copy (args_copy, args);
| 
|   const char *str;
|   int number;
|   float fnumber;
| 
|   while (*format)
|     {
|       switch (*format++)
| 	{
| 	case 's': // string
| 	  str = va_arg (args_copy, const char *);
| 	  break;
| 	case 'd': // int
| 	  number = va_arg (args_copy, int);
| 	  break;
| 	case 'f': // float
| 	  fnumber = va_arg (args_copy, double);
| 	  break;
| 	default:
| 	  break;
| 	}
|     }
|   va_end (args_copy);
|   va_end (args);
| }
| 
| int
| main ()
| {
| 
|   // Check bool.
|   _Bool success = false;
| 
|   // Check restrict.
|   if (test_restrict ("String literal") == 0)
|     success = true;
|   char *restrict newvar = "Another string";
| 
|   // Check varargs.
|   test_varargs ("s, d' f .", "string", 65, 34.234);
|   test_varargs_macros ();
| 
|   // Check flexible array members.
|   struct incomplete_array *ia =
|     malloc (sizeof (struct incomplete_array) + (sizeof (double) * 10));
|   ia->datasize = 10;
|   for (int i = 0; i < ia->datasize; ++i)
|     ia->data[i] = i * 1.234;
| 
|   // Check named initializers.
|   struct named_init ni = {
|     .number = 34,
|     .name = L"Test wide string",
|     .average = 543.34343,
|   };
| 
|   ni.number = 58;
| 
|   int dynamic_array[ni.number];
|   dynamic_array[ni.number - 1] = 543;
| 
|   // work around unused variable warnings
|   return (!success || bignum == 0LL || ubignum == 0uLL || newvar[0] == 'x'
| 	  || dynamic_array[ni.number - 1] != 543);
| 
|   ;
|   return 0;
| }
configure:3881: gcc -std=gnu99 -c -g -O2  conftest.c >&5
configure:3881: $? = 0
configure:3901: result: -std=gnu99
configure:4002: checking for gcc -std=gnu99 option to accept ISO Standard C
configure:4016: result: -std=gnu99
configure:4026: checking how to run the C preprocessor
configure:4057: gcc -std=gnu99 -E  conftest.c
configure:4057: $? = 0
configure:4071: gcc -std=gnu99 -E  conftest.c
conftest.c:11:28: error: ac_nonexistent.h: No such file or directory
configure:4071: $? = 1
configure: failed program was:
| /* confdefs.h */
| #define PACKAGE_NAME "wdns"
| #define PACKAGE_TARNAME "wdns"
| #define PACKAGE_VERSION "0.4"
| #define PACKAGE_STRING "wdns 0.4"
| #define PACKAGE_BUGREPORT ""
| #define PACKAGE_URL ""
| #define PACKAGE "wdns"
| #define VERSION "0.4"
| /* end confdefs.h.  */
| #include <ac_nonexistent.h>
configure:4096: result: gcc -std=gnu99 -E
configure:4116: gcc -std=gnu99 -E  conftest.c
configure:4116: $? = 0
configure:4130: gcc -std=gnu99 -E  conftest.c
conftest.c:11:28: error: ac_nonexistent.h: No such file or directory
configure:4130: $? = 1
configure: failed program was:
| /* confdefs.h */
| #define PACKAGE_NAME "wdns"
| #define PACKAGE_TARNAME "wdns"
| #define PACKAGE_VERSION "0.4"
| #define PACKAGE_STRING "wdns 0.4"
| #define PACKAGE_BUGREPORT ""
| #define PACKAGE_URL ""
| #define PACKAGE "wdns"
| #define VERSION "0.4"
| /* end confdefs.h.  */
| #include <ac_nonexistent.h>
configure:4159: checking for grep that handles long lines and -e
configure:4217: result: /bin/grep
configure:4222: checking for egrep
configure:4284: result: /bin/grep -E
configure:4289: checking for ANSI C header files
configure:4309: gcc -std=gnu99 -c -g -O2  conftest.c >&5
configure:4309: $? = 0
configure:4382: gcc -std=gnu99 -o conftest -g -O2   conftest.c  >&5
configure:4382: $? = 0
configure:4382: ./conftest
configure:4382: $? = 0
configure:4393: result: yes
configure:4406: checking for sys/types.h
configure:4406: gcc -std=gnu99 -c -g -O2  conftest.c >&5
configure:4406: $? = 0
configure:4406: result: yes
configure:4406: checking for sys/stat.h
configure:4406: gcc -std=gnu99 -c -g -O2  conftest.c >&5
configure:4406: $? = 0
configure:4406: result: yes
configure:4406: checking for stdlib.h
configure:4406: gcc -std=gnu99 -c -g -O2  conftest.c >&5
configure:4406: $? = 0
configure:4406: result: yes
configure:4406: checking for string.h
configure:4406: gcc -std=gnu99 -c -g -O2  conftest.c >&5
configure:4406: $? = 0
configure:4406: result: yes
configure:4406: checking for memory.h
configure:4406: gcc -std=gnu99 -c -g -O2  conftest.c >&5
configure:4406: $? = 0
configure:4406: result: yes
configure:4406: checking for strings.h
configure:4406: gcc -std=gnu99 -c -g -O2  conftest.c >&5
configure:4406: $? = 0
configure:4406: result: yes
configure:4406: checking for inttypes.h
configure:4406: gcc -std=gnu99 -c -g -O2  conftest.c >&5
configure:4406: $? = 0
configure:4406: result: yes
configure:4406: checking for stdint.h
configure:4406: gcc -std=gnu99 -c -g -O2  conftest.c >&5
configure:4406: $? = 0
configure:4406: result: yes
configure:4406: checking for unistd.h
configure:4406: gcc -std=gnu99 -c -g -O2  conftest.c >&5
configure:4406: $? = 0
configure:4406: result: yes
configure:4419: checking minix/config.h usability
configure:4419: gcc -std=gnu99 -c -g -O2  conftest.c >&5
conftest.c:54:26: error: minix/config.h: No such file or directory
configure:4419: $? = 1
configure: failed program was:
| /* confdefs.h */
| #define PACKAGE_NAME "wdns"
| #define PACKAGE_TARNAME "wdns"
| #define PACKAGE_VERSION "0.4"
| #define PACKAGE_STRING "wdns 0.4"
| #define PACKAGE_BUGREPORT ""
| #define PACKAGE_URL ""
| #define PACKAGE "wdns"
| #define VERSION "0.4"
| #define STDC_HEADERS 1
| #define HAVE_SYS_TYPES_H 1
| #define HAVE_SYS_STAT_H 1
| #define HAVE_STDLIB_H 1
| #define HAVE_STRING_H 1
| #define HAVE_MEMORY_H 1
| #define HAVE_STRINGS_H 1
| #define HAVE_INTTYPES_H 1
| #define HAVE_STDINT_H 1
| #define HAVE_UNISTD_H 1
| /* end confdefs.h.  */
| #include <stdio.h>
| #ifdef HAVE_SYS_TYPES_H
| # include <sys/types.h>
| #endif
| #ifdef HAVE_SYS_STAT_H
| # include <sys/stat.h>
| #endif
| #ifdef STDC_HEADERS
| # include <stdlib.h>
| # include <stddef.h>
| #else
| # ifdef HAVE_STDLIB_H
| #  include <stdlib.h>
| # endif
| #endif
| #ifdef HAVE_STRING_H
| # if !defined STDC_HEADERS && defined HAVE_MEMORY_H
| #  include <memory.h>
| # endif
| # include <string.h>
| #endif
| #ifdef HAVE_STRINGS_H
| # include <strings.h>
| #endif
| #ifdef HAVE_INTTYPES_H
| # include <inttypes.h>
| #endif
| #ifdef HAVE_STDINT_H
| # include <stdint.h>
| #endif
| #ifdef HAVE_UNISTD_H
| # include <unistd.h>
| #endif
| #include <minix/config.h>
configure:4419: result: no
configure:4419: checking minix/config.h presence
configure:4419: gcc -std=gnu99 -E  conftest.c
conftest.c:21:26: error: minix/config.h: No such file or directory
configure:4419: $? = 1
configure: failed program was:
| /* confdefs.h */
| #define PACKAGE_NAME "wdns"
| #define PACKAGE_TARNAME "wdns"
| #define PACKAGE_VERSION "0.4"
| #define PACKAGE_STRING "wdns 0.4"
| #define PACKAGE_BUGREPORT ""
| #define PACKAGE_URL ""
| #define PACKAGE "wdns"
| #define VERSION "0.4"
| #define STDC_HEADERS 1
| #define HAVE_SYS_TYPES_H 1
| #define HAVE_SYS_STAT_H 1
| #define HAVE_STDLIB_H 1
| #define HAVE_STRING_H 1
| #define HAVE_MEMORY_H 1
| #define HAVE_STRINGS_H 1
| #define HAVE_INTTYPES_H 1
| #define HAVE_STDINT_H 1
| #define HAVE_UNISTD_H 1
| /* end confdefs.h.  */
| #include <minix/config.h>
configure:4419: result: no
configure:4419: checking for minix/config.h
configure:4419: result: no
configure:4440: checking whether it is safe to define __EXTENSIONS__
configure:4458: gcc -std=gnu99 -c -g -O2  conftest.c >&5
configure:4458: $? = 0
configure:4465: result: yes
configure:4486: checking for special C compiler options needed for large files
configure:4531: result: no
configure:4537: checking for _FILE_OFFSET_BITS value needed for large files
configure:4562: gcc -std=gnu99 -c -g -O2  conftest.c >&5
configure:4562: $? = 0
configure:4594: result: no
configure:4691: checking whether make supports nested variables
configure:4708: result: yes
configure:4748: checking build system type
configure:4762: result: x86_64-unknown-linux-gnu
configure:4782: checking host system type
configure:4795: result: x86_64-unknown-linux-gnu
configure:4836: checking how to print strings
configure:4863: result: printf
configure:4884: checking for a sed that does not truncate output
configure:4948: result: /bin/sed
configure:4966: checking for fgrep
configure:5028: result: /bin/grep -F
configure:5063: checking for ld used by gcc -std=gnu99
configure:5130: result: /usr/bin/ld
configure:5137: checking if the linker (/usr/bin/ld) is GNU ld
configure:5152: result: yes
configure:5164: checking for BSD- or MS-compatible name lister (nm)
configure:5213: result: /usr/bin/nm -B
configure:5343: checking the name lister (/usr/bin/nm -B) interface
configure:5350: gcc -std=gnu99 -c -g -O2  conftest.c >&5
configure:5353: /usr/bin/nm -B "conftest.o"
configure:5356: output
0000000000000000 B some_variable
configure:5363: result: BSD nm
configure:5366: checking whether ln -s works
configure:5370: result: yes
configure:5378: checking the maximum length of command line arguments
configure:5508: result: 1572864
configure:5525: checking whether the shell understands some XSI constructs
configure:5535: result: yes
configure:5539: checking whether the shell understands "+="
configure:5545: result: yes
configure:5580: checking how to convert x86_64-unknown-linux-gnu file names to x86_64-unknown-linux-gnu format
configure:5620: result: func_convert_file_noop
configure:5627: checking how to convert x86_64-unknown-linux-gnu file names to toolchain format
configure:5647: result: func_convert_file_noop
configure:5654: checking for /usr/bin/ld option to reload object files
configure:5661: result: -r
configure:5735: checking for objdump
configure:5751: found /usr/bin/objdump
configure:5762: result: objdump
configure:5794: checking how to recognize dependent libraries
configure:5992: result: pass_all
configure:6077: checking for dlltool
configure:6107: result: no
configure:6137: checking how to associate runtime and link libraries
configure:6164: result: printf %s\n
configure:6224: checking for ar
configure:6240: found /usr/bin/ar
configure:6251: result: ar
configure:6288: checking for archiver @FILE support
configure:6305: gcc -std=gnu99 -c -g -O2  conftest.c >&5
configure:6305: $? = 0
configure:6308: ar cru libconftest.a @conftest.lst >&5
configure:6311: $? = 0
configure:6316: ar cru libconftest.a @conftest.lst >&5
ar: conftest.o: No such file or directory
configure:6319: $? = 1
configure:6331: result: @
configure:6389: checking for strip
configure:6405: found /usr/bin/strip
configure:6416: result: strip
configure:6488: checking for ranlib
configure:6504: found /usr/bin/ranlib
configure:6515: result: ranlib
configure:6617: checking command to parse /usr/bin/nm -B output from gcc -std=gnu99 object
configure:6737: gcc -std=gnu99 -c -g -O2  conftest.c >&5
configure:6740: $? = 0
configure:6744: /usr/bin/nm -B conftest.o \| sed -n -e 's/^.*[ ]\([ABCDGIRSTW][ABCDGIRSTW]*\)[ ][ ]*\([_A-Za-z][_A-Za-z0-9]*\)$/\1 \2 \2/p' | sed '/ __gnu_lto/d' \> conftest.nm
configure:6747: $? = 0
configure:6813: gcc -std=gnu99 -o conftest -g -O2   conftest.c conftstm.o >&5
configure:6816: $? = 0
configure:6854: result: ok
configure:6891: checking for sysroot
configure:6921: result: no
configure:6998: gcc -std=gnu99 -c -g -O2  conftest.c >&5
configure:7001: $? = 0
configure:7177: checking for mt
configure:7207: result: no
configure:7227: checking if : is a manifest tool
configure:7233: : '-?'
configure:7241: result: no
configure:7880: checking for dlfcn.h
configure:7880: gcc -std=gnu99 -c -g -O2  conftest.c >&5
configure:7880: $? = 0
configure:7880: result: yes
configure:8086: checking for objdir
configure:8101: result: .libs
configure:8372: checking if gcc -std=gnu99 supports -fno-rtti -fno-exceptions
configure:8390: gcc -std=gnu99 -c -g -O2  -fno-rtti -fno-exceptions conftest.c >&5
cc1: warning: command line option "-fno-rtti" is valid for C++/ObjC++ but not for C
configure:8394: $? = 0
configure:8407: result: no
configure:8734: checking for gcc -std=gnu99 option to produce PIC
configure:8741: result: -fPIC -DPIC
configure:8749: checking if gcc -std=gnu99 PIC flag -fPIC -DPIC works
configure:8767: gcc -std=gnu99 -c -g -O2  -fPIC -DPIC -DPIC conftest.c >&5
configure:8771: $? = 0
configure:8784: result: yes
configure:8813: checking if gcc -std=gnu99 static flag -static works
configure:8841: result: no
configure:8856: checking if gcc -std=gnu99 supports -c -o file.o
configure:8877: gcc -std=gnu99 -c -g -O2  -o out/conftest2.o conftest.c >&5
configure:8881: $? = 0
configure:8903: result: yes
configure:8911: checking if gcc -std=gnu99 supports -c -o file.o
configure:8958: result: yes
configure:8991: checking whether the gcc -std=gnu99 linker (/usr/bin/ld -m elf_x86_64) supports shared libraries
configure:10148: result: yes
configure:10388: checking dynamic linker characteristics
configure:10888: gcc -std=gnu99 -o conftest -g -O2   -Wl,-rpath -Wl,/foo conftest.c  >&5
configure:10888: $? = 0
configure:11122: result: GNU/Linux ld.so
configure:11229: checking how to hardcode library paths into programs
configure:11254: result: immediate
configure:11794: checking whether stripping libraries is possible
configure:11799: result: yes
configure:11834: checking if libtool supports shared libraries
configure:11836: result: yes
configure:11839: checking whether to build shared libraries
configure:11860: result: no
configure:11863: checking whether to build static libraries
configure:11867: result: yes
configure:11905: checking for a sed that does not truncate output
configure:11969: result: /bin/sed
configure:11991: checking alloca.h usability
configure:11991: gcc -std=gnu99 -c -g -O2  conftest.c >&5
configure:11991: $? = 0
configure:11991: result: yes
configure:11991: checking alloca.h presence
configure:11991: gcc -std=gnu99 -E  conftest.c
configure:11991: $? = 0
configure:11991: result: yes
configure:11991: checking for alloca.h
configure:11991: result: yes
configure:12002: checking pcap.h usability
configure:12002: gcc -std=gnu99 -c -g -O2  conftest.c >&5
conftest.c:62:18: error: pcap.h: No such file or directory
configure:12002: $? = 1
configure: failed program was:
| /* confdefs.h */
| #define PACKAGE_NAME "wdns"
| #define PACKAGE_TARNAME "wdns"
| #define PACKAGE_VERSION "0.4"
| #define PACKAGE_STRING "wdns 0.4"
| #define PACKAGE_BUGREPORT ""
| #define PACKAGE_URL ""
| #define PACKAGE "wdns"
| #define VERSION "0.4"
| #define STDC_HEADERS 1
| #define HAVE_SYS_TYPES_H 1
| #define HAVE_SYS_STAT_H 1
| #define HAVE_STDLIB_H 1
| #define HAVE_STRING_H 1
| #define HAVE_MEMORY_H 1
| #define HAVE_STRINGS_H 1
| #define HAVE_INTTYPES_H 1
| #define HAVE_STDINT_H 1
| #define HAVE_UNISTD_H 1
| #define __EXTENSIONS__ 1
| #define _ALL_SOURCE 1
| #define _GNU_SOURCE 1
| #define _POSIX_PTHREAD_SEMANTICS 1
| #define _TANDEM_SOURCE 1
| #define HAVE_DLFCN_H 1
| #define LT_OBJDIR ".libs/"
| #define HAVE_ALLOCA_H 1
| /* end confdefs.h.  */
| #include <stdio.h>
| #ifdef HAVE_SYS_TYPES_H
| # include <sys/types.h>
| #endif
| #ifdef HAVE_SYS_STAT_H
| # include <sys/stat.h>
| #endif
| #ifdef STDC_HEADERS
| # include <stdlib.h>
| # include <stddef.h>
| #else
| # ifdef HAVE_STDLIB_H
| #  include <stdlib.h>
| # endif
| #endif
| #ifdef HAVE_STRING_H
| # if !defined STDC_HEADERS && defined HAVE_MEMORY_H
| #  include <memory.h>
| # endif
| # include <string.h>
| #endif
| #ifdef HAVE_STRINGS_H
| # include <strings.h>
| #endif
| #ifdef HAVE_INTTYPES_H
| # include <inttypes.h>
| #endif
| #ifdef HAVE_STDINT_H
| # include <stdint.h>
| #endif
| #ifdef HAVE_UNISTD_H
| # include <unistd.h>
| #endif
| #include <pcap.h>
configure:12002: result: no
configure:12002: checking pcap.h presence
configure:12002: gcc -std=gnu99 -E  conftest.c
conftest.c:29:18: error: pcap.h: No such file or directory
configure:12002: $? = 1
configure: failed program was:
| /* confdefs.h */
| #define PACKAGE_NAME "wdns"
| #define PACKAGE_TARNAME "wdns"
| #define PACKAGE_VERSION "0.4"
| #define PACKAGE_STRING "wdns 0.4"
| #define PACKAGE_BUGREPORT ""
| #define PACKAGE_URL ""
| #define PACKAGE "wdns"
| #define VERSION "0.4"
| #define STDC_HEADERS 1
| #define HAVE_SYS_TYPES_H 1
| #define HAVE_SYS_STAT_H 1
| #define HAVE_STDLIB_H 1
| #define HAVE_STRING_H 1
| #define HAVE_MEMORY_H 1
| #define HAVE_STRINGS_H 1
| #define HAVE_INTTYPES_H 1
| #define HAVE_STDINT_H 1
| #define HAVE_UNISTD_H 1
| #define __EXTENSIONS__ 1
| #define _ALL_SOURCE 1
| #define _GNU_SOURCE 1
| #define _POSIX_PTHREAD_SEMANTICS 1
| #define _TANDEM_SOURCE 1
| #define HAVE_DLFCN_H 1
| #define LT_OBJDIR ".libs/"
| #define HAVE_ALLOCA_H 1
| /* end confdefs.h.  */
| #include <pcap.h>
configure:12002: result: no
configure:12002: checking for pcap.h
configure:12002: result: no
configure:12008: checking for pcap_loop in -lpcap
configure:12033: gcc -std=gnu99 -o conftest -g -O2   conftest.c -lpcap   >&5
/usr/bin/ld: cannot find -lpcap
collect2: ld returned 1 exit status
configure:12033: $? = 1
configure: failed program was:
| /* confdefs.h */
| #define PACKAGE_NAME "wdns"
| #define PACKAGE_TARNAME "wdns"
| #define PACKAGE_VERSION "0.4"
| #define PACKAGE_STRING "wdns 0.4"
| #define PACKAGE_BUGREPORT ""
| #define PACKAGE_URL ""
| #define PACKAGE "wdns"
| #define VERSION "0.4"
| #define STDC_HEADERS 1
| #define HAVE_SYS_TYPES_H 1
| #define HAVE_SYS_STAT_H 1
| #define HAVE_STDLIB_H 1
| #define HAVE_STRING_H 1
| #define HAVE_MEMORY_H 1
| #define HAVE_STRINGS_H 1
| #define HAVE_INTTYPES_H 1
| #define HAVE_STDINT_H 1
| #define HAVE_UNISTD_H 1
| #define __EXTENSIONS__ 1
| #define _ALL_SOURCE 1
| #define _GNU_SOURCE 1
| #define _POSIX_PTHREAD_SEMANTICS 1
| #define _TANDEM_SOURCE 1
| #define HAVE_DLFCN_H 1
| #define LT_OBJDIR ".libs/"
| #define HAVE_ALLOCA_H 1
| /* end confdefs.h.  */
| 
| /* Override any GCC internal prototype to avoid an error.
|    Use char because int might match the return type of a GCC
|    builtin and then its argument prototype would still apply.  */
| #ifdef __cplusplus
| extern "C"
| #endif
| char pcap_loop ();
| int
| main ()
| {
| return pcap_loop ();
|   ;
|   return 0;
| }
configure:12042: result: no
configure:12201: creating ./config.status

## ---------------------- ##
## Running config.status. ##
## ---------------------- ##

This file was extended by wdns config.status 0.4, which was
generated by GNU Autoconf 2.69.  Invocation command line was

  CONFIG_FILES    = 
  CONFIG_HEADERS  = 
  CONFIG_LINKS    = 
  CONFIG_COMMANDS = 
  $ ./config.status 

on vm-buildhost

config.status:1090: creating Makefile
config.status:1090: creating config.h
config.status:1319: executing depfiles commands
config.status:1319: executing libtool commands
configure:14439: result:
    wdns 0.4

        compiler:               gcc -std=gnu99
        cflags:                 -g -O2
        ldflags:                
        libs:                   

        prefix:                 /usr
        sysconfdir:             ${prefix}/etc
        libdir:                 ${exec_prefix}/lib
        includedir:             ${prefix}/include


## ---------------- ##
## Cache variables. ##
## ---------------- ##

ac_cv_build=x86_64-unknown-linux-gnu
ac_cv_c_compiler_gnu=yes
ac_cv_env_CC_set=
ac_cv_env_CC_value=
ac_cv_env_CFLAGS_set=
ac_cv_env_CFLAGS_value=
ac_cv_env_CPPFLAGS_set=
ac_cv_env_CPPFLAGS_value=
ac_cv_env_CPP_set=
ac_cv_env_CPP_value=
ac_cv_env_LDFLAGS_set=
ac_cv_env_LDFLAGS_value=
ac_cv_env_LIBS_set=
ac_cv_env_LIBS_value=
ac_cv_env_build_alias_set=
ac_cv_env_build_alias_value=
ac_cv_env_host_alias_set=
ac_cv_env_host_alias_value=
ac_cv_env_target_alias_set=
ac_cv_env_target_alias_value=
ac_cv_header_alloca_h=yes
ac_cv_header_dlfcn_h=yes
ac_cv_header_inttypes_h=yes
ac_cv_header_memory_h=yes
ac_cv_header_minix_config_h=no
ac_cv_header_pcap_h=no
ac_cv_header_stdc=yes
ac_cv_header_stdint_h=yes
ac_cv_header_stdlib_h=yes
ac_cv_header_string_h=yes
ac_cv_header_strings_h=yes
ac_cv_header_sys_stat_h=yes
ac_cv_header_sys_types_h=yes
ac_cv_header_unistd_h=yes
ac_cv_host=x86_64-unknown-linux-gnu
ac_cv_lib_pcap_pcap_loop=no
ac_cv_objext=o
ac_cv_path_EGREP='/bin/grep -E'
ac_cv_path_FGREP='/bin/grep -F'
ac_cv_path_GREP=/bin/grep
ac_cv_path_SED=/bin/sed
ac_cv_path_install='/usr/bin/install -c'
ac_cv_path_mkdir=/bin/mkdir
ac_cv_prog_AWK=gawk
ac_cv_prog_CPP='gcc -std=gnu99 -E'
ac_cv_prog_ac_ct_AR=ar
ac_cv_prog_ac_ct_CC=gcc
ac_cv_prog_ac_ct_OBJDUMP=objdump
ac_cv_prog_ac_ct_RANLIB=ranlib
ac_cv_prog_ac_ct_STRIP=strip
ac_cv_prog_cc_c89=
ac_cv_prog_cc_c99=-std=gnu99
ac_cv_prog_cc_g=yes
ac_cv_prog_cc_stdc=-std=gnu99
ac_cv_prog_make_make_set=yes
ac_cv_safe_to_define___extensions__=yes
ac_cv_sys_file_offset_bits=no
ac_cv_sys_largefile_CC=no
am_cv_CC_dependencies_compiler_type=gcc3
am_cv_make_support_nested_variables=yes
lt_cv_ar_at_file=@
lt_cv_deplibs_check_method=pass_all
lt_cv_file_magic_cmd='$MAGIC_CMD'
lt_cv_file_magic_test_file=
lt_cv_ld_reload_flag=-r
lt_cv_nm_interface='BSD nm'
lt_cv_objdir=.libs
lt_cv_path_LD=/usr/bin/ld
lt_cv_path_NM='/usr/bin/nm -B'
lt_cv_path_mainfest_tool=no
lt_cv_prog_compiler_c_o=yes
lt_cv_prog_compiler_pic='-fPIC -DPIC'
lt_cv_prog_compiler_pic_works=yes
lt_cv_prog_compiler_rtti_exceptions=no
lt_cv_prog_compiler_static_works=no
lt_cv_prog_gnu_ld=yes
lt_cv_sharedlib_from_linklib_cmd='printf %s\n'
lt_cv_shlibpath_overrides_runpath=no
lt_cv_sys_global_symbol_pipe='sed -n -e '\''s/^.*[	 ]\([ABCDGIRSTW][ABCDGIRSTW]*\)[	 ][	 ]*\([_A-Za-z][_A-Za-z0-9]*\)$/\1 \2 \2/p'\'' | sed '\''/ __gnu_lto/d'\'''
lt_cv_sys_global_symbol_to_c_name_address='sed -n -e '\''s/^: \([^ ]*\)[ ]*$/  {\"\1\", (void *) 0},/p'\'' -e '\''s/^[ABCDGIRSTW]* \([^ ]*\) \([^ ]*\)$/  {"\2", (void *) \&\2},/p'\'''
lt_cv_sys_global_symbol_to_c_name_address_lib_prefix='sed -n -e '\''s/^: \([^ ]*\)[ ]*$/  {\"\1\", (void *) 0},/p'\'' -e '\''s/^[ABCDGIRSTW]* \([^ ]*\) \(lib[^ ]*\)$/  {"\2", (void *) \&\2},/p'\'' -e '\''s/^[ABCDGIRSTW]* \([^ ]*\) \([^ ]*\)$/  {"lib\2", (void *) \&\2},/p'\'''
lt_cv_sys_global_symbol_to_cdecl='sed -n -e '\''s/^T .* \(.*\)$/extern int \1();/p'\'' -e '\''s/^[ABCDGIRSTW]* .* \(.*\)$/extern char \1;/p'\'''
lt_cv_sys_max_cmd_len=1572864
lt_cv_to_host_file_cmd=func_convert_file_noop
lt_cv_to_tool_file_cmd=func_convert_file_noop

## ----------------- ##
## Output variables. ##
## ----------------- ##

ACLOCAL='${SHELL} /tmp/sie-dns-sensor/build-deps/centos-6-amd64/wdns-0.4/build-aux/missing --run aclocal-1.11'
AMDEPBACKSLASH='\'
AMDEP_FALSE='#'
AMDEP_TRUE=''
AMTAR='$${TAR-tar}'
AM_BACKSLASH='\'
AM_DEFAULT_V='$(AM_DEFAULT_VERBOSITY)'
AM_DEFAULT_VERBOSITY='0'
AM_V='$(V)'
AR='ar'
AUTOCONF='${SHELL} /tmp/sie-dns-sensor/build-deps/centos-6-amd64/wdns-0.4/build-aux/missing --run autoconf'
AUTOHEADER='${SHELL} /tmp/sie-dns-sensor/build-deps/centos-6-amd64/wdns-0.4/build-aux/missing --run autoheader'
AUTOMAKE='${SHELL} /tmp/sie-dns-sensor/build-deps/centos-6-amd64/wdns-0.4/build-aux/missing --run automake-1.11'
AWK='gawk'
CC='gcc -std=gnu99'
CCDEPMODE='depmode=gcc3'
CFLAGS='-g -O2'
CPP='gcc -std=gnu99 -E'
CPPFLAGS=''
CYGPATH_W='echo'
DEFS='-DHAVE_CONFIG_H'
DEPDIR='.deps'
DLLTOOL='false'
DSYMUTIL=''
DUMPBIN=''
ECHO_C=''
ECHO_N='-n'
ECHO_T=''
EGREP='/bin/grep -E'
EXEEXT=''
FGREP='/bin/grep -F'
GREP='/bin/grep'
INSTALL_DATA='${INSTALL} -m 644'
INSTALL_PROGRAM='${INSTALL}'
INSTALL_SCRIPT='${INSTALL}'
INSTALL_STRIP_PROGRAM='$(install_sh) -c -s'
LD='/usr/bin/ld -m elf_x86_64'
LDFLAGS=''
LIBOBJS=''
LIBPCAP_FALSE=''
LIBPCAP_TRUE='#'
LIBS=''
LIBTOOL='$(SHELL) $(top_builddir)/libtool'
LIPO=''
LN_S='ln -s'
LTLIBOBJS=''
MAKEINFO='${SHELL} /tmp/sie-dns-sensor/build-deps/centos-6-amd64/wdns-0.4/build-aux/missing --run makeinfo'
MANIFEST_TOOL=':'
MKDIR_P='/bin/mkdir -p'
NM='/usr/bin/nm -B'
NMEDIT=''
OBJDUMP='objdump'
OBJEXT='o'
OTOOL64=''
OTOOL=''
PACKAGE='wdns'
PACKAGE_BUGREPORT=''
PACKAGE_NAME='wdns'
PACKAGE_STRING='wdns 0.4'
PACKAGE_TARNAME='wdns'
PACKAGE_URL=''
PACKAGE_VERSION='0.4'
PATH_SEPARATOR=':'
RANLIB='ranlib'
SED='/bin/sed'
SET_MAKE=''
SHELL='/bin/sh'
STRIP='strip'
VERSION='0.4'
ac_ct_AR='ar'
ac_ct_CC='gcc'
ac_ct_DUMPBIN=''
am__EXEEXT_FALSE=''
am__EXEEXT_TRUE='#'
am__fastdepCC_FALSE='#'
am__fastdepCC_TRUE=''
am__include='include'
am__isrc=''
am__leading_dot='.'
am__nodep='_no'
am__quote=''
am__tar='$${TAR-tar} chof - "$$tardir"'
am__untar='$${TAR-tar} xf -'
bindir='${exec_prefix}/bin'
build='x86_64-unknown-linux-gnu'
build_alias=''
build_cpu='x86_64'
build_os='linux-gnu'
build_vendor='unknown'
datadir='${datarootdir}'
datarootdir='${prefix}/share'
docdir='${datarootdir}/doc/${PACKAGE_TARNAME}'
dvidir='${docdir}'
exec_prefix='${prefix}'
host='x86_64-unknown-linux-gnu'
host_alias=''
host_cpu='x86_64'
host_os='linux-gnu'
host_vendor='unknown'
htmldir='${docdir}'
includedir='${prefix}/include'
infodir='${datarootdir}/info'
install_sh='${SHELL} /tmp/sie-dns-sensor/build-deps/centos-6-amd64/wdns-0.4/build-aux/install-sh'
libdir='${exec_prefix}/lib'
libexecdir='${exec_prefix}/libexec'
localedir='${datarootdir}/locale'
localstatedir='${prefix}/var'
mandir='${datarootdir}/man'
mkdir_p='/bin/mkdir -p'
my_CFLAGS='-Wall -Wmissing-declarations -Wmissing-prototypes -Wnested-externs -Wpointer-arith -Wpointer-arith -Wsign-compare -Wchar-subscripts -Wstrict-prototypes -Wshadow -Wformat-security'
oldincludedir='/usr/include'
pdfdir='${docdir}'
prefix='/usr'
program_transform_name='s,x,x,'
psdir='${docdir}'
sbindir='${exec_prefix}/sbin'
sharedstatedir='${prefix}/com'
sysconfdir='${prefix}/etc'
target_alias=''

## ----------- ##
## confdefs.h. ##
## ----------- ##

/* confdefs.h */
#define PACKAGE_NAME "wdns"
#define PACKAGE_TARNAME "wdns"
#define PACKAGE_VERSION "0.4"
#define PACKAGE_STRING "wdns 0.4"
#define PACKAGE_BUGREPORT ""
#define PACKAGE_URL ""
#define PACKAGE "wdns"
#define VERSION "0.4"
#define STDC_HEADERS 1
#define HAVE_SYS_TYPES_H 1
#define HAVE_SYS_STAT_H 1
#define HAVE_STDLIB_H 1
#define HAVE_STRING_H 1
#define HAVE_MEMORY_H 1
#define HAVE_STRINGS_H 1
#define HAVE_INTTYPES_H 1
#define HAVE_STDINT_H 1
#define HAVE_UNISTD_H 1
#define __EXTENSIONS__ 1
#define _ALL_SOURCE 1
#define _GNU_SOURCE 1
#define _POSIX_PTHREAD_SEMANTICS 1
#define _TANDEM_SOURCE 1
#define HAVE_DLFCN_H 1
#define LT_OBJDIR ".libs/"
#define HAVE_ALLOCA_H 1

configure: exit 0
